app/build/intermediates/manifest_merge_blame_file/release/manifest-merger-blame-release-report.txt
1<?xml version="1.0" encoding="utf-8"?>
2<manifest xmlns:android="http://schemas.android.com/apk/res/android"
3    package="com.fussy.trueman"
4    android:versionCode="1"
5    android:versionName="1.0" >
6
7    <uses-sdk
8        android:minSdkVersion="24"
9        android:targetSdkVersion="34" />
10
11    <uses-permission android:name="android.permission.INTERNET" />
11-->src/main/AndroidManifest.xml:5:5-67
11-->src/main/AndroidManifest.xml:5:22-64
12
13    <permission
13-->[androidx.core:core:1.9.0] AndroidManifest.xml:22:5-24:47
14        android:name="com.fussy.trueman.DYNAMIC_RECEIVER_NOT_EXPORTED_PERMISSION"
14-->[androidx.core:core:1.9.0] AndroidManifest.xml:23:9-81
15        android:protectionLevel="signature" />
15-->[androidx.core:core:1.9.0] AndroidManifest.xml:24:9-44
16
17    <uses-permission android:name="com.fussy.trueman.DYNAMIC_RECEIVER_NOT_EXPORTED_PERMISSION" />
17-->[androidx.core:core:1.9.0] AndroidManifest.xml:26:5-97
17-->[androidx.core:core:1.9.0] AndroidManifest.xml:26:22-94
18
19    <application
19-->src/main/AndroidManifest.xml:7:5-65:19
20        android:allowBackup="true"
20-->src/main/AndroidManifest.xml:8:9-35
21        android:appComponentFactory="androidx.core.app.CoreComponentFactory"
21-->[androidx.core:core:1.9.0] AndroidManifest.xml:28:18-86
22        android:extractNativeLibs="false"
23        android:icon="@mipmap/ic_launcher"
23-->src/main/AndroidManifest.xml:9:9-43
24        android:label="@string/app_name"
24-->src/main/AndroidManifest.xml:10:9-41
25        android:roundIcon="@mipmap/ic_launcher_round"
25-->src/main/AndroidManifest.xml:11:9-54
26        android:supportsRtl="true"
26-->src/main/AndroidManifest.xml:12:9-35
27        android:theme="@style/Theme.TrueMan" >
27-->src/main/AndroidManifest.xml:13:9-45
28        <activity
28-->src/main/AndroidManifest.xml:15:9-22:20
29            android:name="com.fussy.trueman.SplashActivity"
29-->src/main/AndroidManifest.xml:16:13-43
30            android:exported="true" >
30-->src/main/AndroidManifest.xml:17:13-36
31            <intent-filter>
31-->src/main/AndroidManifest.xml:18:13-21:29
32                <action android:name="android.intent.action.MAIN" />
32-->src/main/AndroidManifest.xml:19:17-69
32-->src/main/AndroidManifest.xml:19:25-66
33
34                <category android:name="android.intent.category.LAUNCHER" />
34-->src/main/AndroidManifest.xml:20:17-77
34-->src/main/AndroidManifest.xml:20:27-74
35            </intent-filter>
36        </activity>
37        <activity android:name="com.fussy.trueman.MainActivity" />
37-->src/main/AndroidManifest.xml:24:9-50
37-->src/main/AndroidManifest.xml:24:19-47
38        <activity android:name="com.fussy.trueman.LessonActivity" />
38-->src/main/AndroidManifest.xml:25:9-52
38-->src/main/AndroidManifest.xml:25:19-49
39        <activity android:name="com.fussy.trueman.ProgressActivity" />
39-->src/main/AndroidManifest.xml:26:9-54
39-->src/main/AndroidManifest.xml:26:19-51
40        <activity android:name="com.fussy.trueman.ParentalControlActivity" />
40-->src/main/AndroidManifest.xml:27:9-61
40-->src/main/AndroidManifest.xml:27:19-58
41        <activity
41-->src/main/AndroidManifest.xml:29:9-30:72
42            android:name="com.fussy.trueman.BlockActivity"
42-->src/main/AndroidManifest.xml:29:19-48
43            android:theme="@style/Theme.AppCompat.Light.NoActionBar" />
43-->src/main/AndroidManifest.xml:30:13-69
44
45        <service
45-->src/main/AndroidManifest.xml:32:9-42:19
46            android:name="com.fussy.trueman.BrowserAccessibilityService"
46-->src/main/AndroidManifest.xml:33:13-56
47            android:exported="true"
47-->src/main/AndroidManifest.xml:35:13-36
48            android:permission="android.permission.BIND_ACCESSIBILITY_SERVICE" >
48-->src/main/AndroidManifest.xml:34:13-79
49            <intent-filter>
49-->src/main/AndroidManifest.xml:36:13-38:29
50                <action android:name="android.accessibilityservice.AccessibilityService" />
50-->src/main/AndroidManifest.xml:37:17-92
50-->src/main/AndroidManifest.xml:37:25-89
51            </intent-filter>
52
53            <meta-data
53-->src/main/AndroidManifest.xml:39:13-41:72
54                android:name="android.accessibilityservice"
54-->src/main/AndroidManifest.xml:40:17-60
55                android:resource="@xml/accessibility_service_config" />
55-->src/main/AndroidManifest.xml:41:17-69
56        </service>
57
58        <receiver
58-->src/main/AndroidManifest.xml:44:9-54:20
59            android:name="com.fussy.trueman.TrueManDeviceAdminReceiver"
59-->src/main/AndroidManifest.xml:45:13-55
60            android:exported="true"
60-->src/main/AndroidManifest.xml:47:13-36
61            android:permission="android.permission.BIND_DEVICE_ADMIN" >
61-->src/main/AndroidManifest.xml:46:13-70
62            <meta-data
62-->src/main/AndroidManifest.xml:48:13-50:65
63                android:name="android.app.device_admin"
63-->src/main/AndroidManifest.xml:49:17-56
64                android:resource="@xml/device_admin_policies" />
64-->src/main/AndroidManifest.xml:50:17-62
65
66            <intent-filter>
66-->src/main/AndroidManifest.xml:51:13-53:29
67                <action android:name="android.app.action.DEVICE_ADMIN_ENABLED" />
67-->src/main/AndroidManifest.xml:52:17-82
67-->src/main/AndroidManifest.xml:52:25-79
68            </intent-filter>
69        </receiver>
70
71        <service
71-->src/main/AndroidManifest.xml:56:9-63:19
72            android:name="com.fussy.trueman.TrueManVpnService"
72-->src/main/AndroidManifest.xml:57:13-46
73            android:exported="true"
73-->src/main/AndroidManifest.xml:59:13-36
74            android:permission="android.permission.BIND_VPN_SERVICE" >
74-->src/main/AndroidManifest.xml:58:13-69
75            <intent-filter>
75-->src/main/AndroidManifest.xml:60:13-62:29
76                <action android:name="android.net.VpnService" />
76-->src/main/AndroidManifest.xml:61:17-65
76-->src/main/AndroidManifest.xml:61:25-62
77            </intent-filter>
78        </service>
79        <service
79-->[androidx.room:room-runtime:2.6.1] AndroidManifest.xml:24:9-28:63
80            android:name="androidx.room.MultiInstanceInvalidationService"
80-->[androidx.room:room-runtime:2.6.1] AndroidManifest.xml:25:13-74
81            android:directBootAware="true"
81-->[androidx.room:room-runtime:2.6.1] AndroidManifest.xml:26:13-43
82            android:exported="false" />
82-->[androidx.room:room-runtime:2.6.1] AndroidManifest.xml:27:13-37
83
84        <provider
84-->[androidx.emoji2:emoji2:1.2.0] AndroidManifest.xml:24:9-32:20
85            android:name="androidx.startup.InitializationProvider"
85-->[androidx.emoji2:emoji2:1.2.0] AndroidManifest.xml:25:13-67
86            android:authorities="com.fussy.trueman.androidx-startup"
86-->[androidx.emoji2:emoji2:1.2.0] AndroidManifest.xml:26:13-68
87            android:exported="false" >
87-->[androidx.emoji2:emoji2:1.2.0] AndroidManifest.xml:27:13-37
88            <meta-data
88-->[androidx.emoji2:emoji2:1.2.0] AndroidManifest.xml:29:13-31:52
89                android:name="androidx.emoji2.text.EmojiCompatInitializer"
89-->[androidx.emoji2:emoji2:1.2.0] AndroidManifest.xml:30:17-75
90                android:value="androidx.startup" />
90-->[androidx.emoji2:emoji2:1.2.0] AndroidManifest.xml:31:17-49
91            <meta-data
91-->[androidx.lifecycle:lifecycle-process:2.6.2] AndroidManifest.xml:29:13-31:52
92                android:name="androidx.lifecycle.ProcessLifecycleInitializer"
92-->[androidx.lifecycle:lifecycle-process:2.6.2] AndroidManifest.xml:30:17-78
93                android:value="androidx.startup" />
93-->[androidx.lifecycle:lifecycle-process:2.6.2] AndroidManifest.xml:31:17-49
94            <meta-data
94-->[androidx.profileinstaller:profileinstaller:1.3.0] AndroidManifest.xml:29:13-31:52
95                android:name="androidx.profileinstaller.ProfileInstallerInitializer"
95-->[androidx.profileinstaller:profileinstaller:1.3.0] AndroidManifest.xml:30:17-85
96                android:value="androidx.startup" />
96-->[androidx.profileinstaller:profileinstaller:1.3.0] AndroidManifest.xml:31:17-49
97        </provider>
98
99        <receiver
99-->[androidx.profileinstaller:profileinstaller:1.3.0] AndroidManifest.xml:34:9-52:20
100            android:name="androidx.profileinstaller.ProfileInstallReceiver"
100-->[androidx.profileinstaller:profileinstaller:1.3.0] AndroidManifest.xml:35:13-76
101            android:directBootAware="false"
101-->[androidx.profileinstaller:profileinstaller:1.3.0] AndroidManifest.xml:36:13-44
102            android:enabled="true"
102-->[androidx.profileinstaller:profileinstaller:1.3.0] AndroidManifest.xml:37:13-35
103            android:exported="true"
103-->[androidx.profileinstaller:profileinstaller:1.3.0] AndroidManifest.xml:38:13-36
104            android:permission="android.permission.DUMP" >
104-->[androidx.profileinstaller:profileinstaller:1.3.0] AndroidManifest.xml:39:13-57
105            <intent-filter>
105-->[androidx.profileinstaller:profileinstaller:1.3.0] AndroidManifest.xml:40:13-42:29
106                <action android:name="androidx.profileinstaller.action.INSTALL_PROFILE" />
106-->[androidx.profileinstaller:profileinstaller:1.3.0] AndroidManifest.xml:41:17-91
106-->[androidx.profileinstaller:profileinstaller:1.3.0] AndroidManifest.xml:41:25-88
107            </intent-filter>
108            <intent-filter>
108-->[androidx.profileinstaller:profileinstaller:1.3.0] AndroidManifest.xml:43:13-45:29
109                <action android:name="androidx.profileinstaller.action.SKIP_FILE" />
109-->[androidx.profileinstaller:profileinstaller:1.3.0] AndroidManifest.xml:44:17-85
109-->[androidx.profileinstaller:profileinstaller:1.3.0] AndroidManifest.xml:44:25-82
110            </intent-filter>
111            <intent-filter>
111-->[androidx.profileinstaller:profileinstaller:1.3.0] AndroidManifest.xml:46:13-48:29
112                <action android:name="androidx.profileinstaller.action.SAVE_PROFILE" />
112-->[androidx.profileinstaller:profileinstaller:1.3.0] AndroidManifest.xml:47:17-88
112-->[androidx.profileinstaller:profileinstaller:1.3.0] AndroidManifest.xml:47:25-85
113            </intent-filter>
114            <intent-filter>
114-->[androidx.profileinstaller:profileinstaller:1.3.0] AndroidManifest.xml:49:13-51:29
115                <action android:name="androidx.profileinstaller.action.BENCHMARK_OPERATION" />
115-->[androidx.profileinstaller:profileinstaller:1.3.0] AndroidManifest.xml:50:17-95
115-->[androidx.profileinstaller:profileinstaller:1.3.0] AndroidManifest.xml:50:25-92
116            </intent-filter>
117        </receiver>
118    </application>
119
120</manifest>